# JRE version: OpenJDK Runtime Environment (21.0.2+13) (build 21.0.2+13-58)
# Java VM: OpenJDK 64-Bit Server VM (21.0.2+13-58, mixed mode, sharing, tiered, compressed oops, compressed class ptrs, g1 gc, windows-amd64)
GC Precious Log:
 CardTable entry size: 512
 Card Set container configuration: InlinePtr #cards 5 size 8 Array Of Cards #cards 12 size 40 Howl #buckets 4 coarsen threshold 1843 Howl Bitmap #cards 512 size 80 coarsen threshold 460 Card regions per heap region 1 cards per card region 2048
 CPUs: 8 total, 8 available
 Memory: 8044M
 Large Page Support: Disabled
 NUMA Support: Disabled
 Compressed Oops: Enabled (32-bit)
 Heap Region Size: 1M
 Heap Min Capacity: 8M
 Heap Initial Capacity: 126M
 Heap Max Capacity: 2012M
 Pre-touch: Disabled
 Parallel Workers: 8
 Concurrent Workers: 2
 Concurrent Refinement Workers: 8
 Periodic GC: Disabled
Heap:
 garbage-first heap   total 114688K, used 93234K [0x0000000082400000, 0x0000000100000000)
  region size 1024K, 50 young (51200K), 2 survivors (2048K)
 Metaspace       used 89134K, committed 89856K, reserved 1179648K
  class space    used 12243K, committed 12544K, reserved 1048576K
GC Heap History (20 events):
Event: 3.614 GC heap before
{Heap before GC invocations=7 (full 0):
 garbage-first heap   total 65536K, used 51831K [0x0000000082400000, 0x0000000100000000)
  region size 1024K, 31 young (31744K), 3 survivors (3072K)
 Metaspace       used 34233K, committed 34688K, reserved 1114112K
  class space    used 4555K, committed 4736K, reserved 1048576K
}
Event: 3.622 GC heap after
{Heap after GC invocations=8 (full 0):
 garbage-first heap   total 78848K, used 26211K [0x0000000082400000, 0x0000000100000000)
  region size 1024K, 3 young (3072K), 3 survivors (3072K)
 Metaspace       used 34233K, committed 34688K, reserved 1114112K
  class space    used 4555K, committed 4736K, reserved 1048576K
}
Event: 3.750 GC heap before
{Heap before GC invocations=8 (full 0):
 garbage-first heap   total 78848K, used 30307K [0x0000000082400000, 0x0000000100000000)
  region size 1024K, 8 young (8192K), 3 survivors (3072K)
 Metaspace       used 35623K, committed 36096K, reserved 1114112K
  class space    used 4706K, committed 4928K, reserved 1048576K
}
Event: 3.756 GC heap after
{Heap after GC invocations=9 (full 0):
 garbage-first heap   total 78848K, used 26238K [0x0000000082400000, 0x0000000100000000)
  region size 1024K, 3 young (3072K), 3 survivors (3072K)
 Metaspace       used 35623K, committed 36096K, reserved 1114112K
  class space    used 4706K, committed 4928K, reserved 1048576K
}
Event: 4.588 GC heap before
{Heap before GC invocations=10 (full 0):
 garbage-first heap   total 78848K, used 67198K [0x0000000082400000, 0x0000000100000000)
  region size 1024K, 43 young (44032K), 3 survivors (3072K)
 Metaspace       used 45629K, committed 46144K, reserved 1114112K
  class space    used 5880K, committed 6144K, reserved 1048576K
}
Event: 4.598 GC heap after
{Heap after GC invocations=11 (full 0):
 garbage-first heap   total 78848K, used 30442K [0x0000000082400000, 0x0000000100000000)
  region size 1024K, 6 young (6144K), 6 survivors (6144K)
 Metaspace       used 45629K, committed 46144K, reserved 1114112K
  class space    used 5880K, committed 6144K, reserved 1048576K
}
Event: 4.855 GC heap before
{Heap before GC invocations=11 (full 0):
 garbage-first heap   total 78848K, used 67306K [0x0000000082400000, 0x0000000100000000)
  region size 1024K, 42 young (43008K), 6 survivors (6144K)
 Metaspace       used 47375K, committed 47808K, reserved 1114112K
  class space    used 6119K, committed 6336K, reserved 1048576K
}
Event: 4.867 GC heap after
{Heap after GC invocations=12 (full 0):
 garbage-first heap   total 78848K, used 31368K [0x0000000082400000, 0x0000000100000000)
  region size 1024K, 1 young (1024K), 1 survivors (1024K)
 Metaspace       used 47375K, committed 47808K, reserved 1114112K
  class space    used 6119K, committed 6336K, reserved 1048576K
}
Event: 5.310 GC heap before
{Heap before GC invocations=12 (full 0):
 garbage-first heap   total 78848K, used 69256K [0x0000000082400000, 0x0000000100000000)
  region size 1024K, 38 young (38912K), 1 survivors (1024K)
 Metaspace       used 50275K, committed 50752K, reserved 1114112K
  class space    used 6480K, committed 6656K, reserved 1048576K
}
Event: 5.314 GC heap after
{Heap after GC invocations=13 (full 0):
 garbage-first heap   total 95232K, used 31614K [0x0000000082400000, 0x0000000100000000)
  region size 1024K, 2 young (2048K), 2 survivors (2048K)
 Metaspace       used 50275K, committed 50752K, reserved 1114112K
  class space    used 6480K, committed 6656K, reserved 1048576K
}
Event: 6.163 GC heap before
{Heap before GC invocations=13 (full 0):
 garbage-first heap   total 95232K, used 76670K [0x0000000082400000, 0x0000000100000000)
  region size 1024K, 47 young (48128K), 2 survivors (2048K)
 Metaspace       used 60059K, committed 60608K, reserved 1114112K
  class space    used 7929K, committed 8192K, reserved 1048576K
}
Event: 6.171 GC heap after
{Heap after GC invocations=14 (full 0):
 garbage-first heap   total 95232K, used 33744K [0x0000000082400000, 0x0000000100000000)
  region size 1024K, 4 young (4096K), 4 survivors (4096K)
 Metaspace       used 60059K, committed 60608K, reserved 1114112K
  class space    used 7929K, committed 8192K, reserved 1048576K
}
Event: 7.042 GC heap before
{Heap before GC invocations=15 (full 0):
 garbage-first heap   total 95232K, used 83920K [0x0000000082400000, 0x0000000100000000)
  region size 1024K, 53 young (54272K), 4 survivors (4096K)
 Metaspace       used 72969K, committed 73600K, reserved 1114112K
  class space    used 9886K, committed 10176K, reserved 1048576K
}
Event: 7.054 GC heap after
{Heap after GC invocations=16 (full 0):
 garbage-first heap   total 95232K, used 36077K [0x0000000082400000, 0x0000000100000000)
  region size 1024K, 6 young (6144K), 6 survivors (6144K)
 Metaspace       used 72969K, committed 73600K, reserved 1114112K
  class space    used 9886K, committed 10176K, reserved 1048576K
}
Event: 7.727 GC heap before
{Heap before GC invocations=16 (full 0):
 garbage-first heap   total 95232K, used 82157K [0x0000000082400000, 0x0000000100000000)
  region size 1024K, 51 young (52224K), 6 survivors (6144K)
 Metaspace       used 79359K, committed 79936K, reserved 1179648K
  class space    used 10678K, committed 10944K, reserved 1048576K
}
Event: 7.740 GC heap after
{Heap after GC invocations=17 (full 0):
 garbage-first heap   total 95232K, used 40134K [0x0000000082400000, 0x0000000100000000)
  region size 1024K, 7 young (7168K), 7 survivors (7168K)
 Metaspace       used 79359K, committed 79936K, reserved 1179648K
  class space    used 10678K, committed 10944K, reserved 1048576K
}
Event: 8.236 GC heap before
{Heap before GC invocations=17 (full 0):
 garbage-first heap   total 95232K, used 81094K [0x0000000082400000, 0x0000000100000000)
  region size 1024K, 47 young (48128K), 7 survivors (7168K)
 Metaspace       used 83090K, committed 83648K, reserved 1179648K
  class space    used 11403K, committed 11648K, reserved 1048576K
}
Event: 8.249 GC heap after
{Heap after GC invocations=18 (full 0):
 garbage-first heap   total 95232K, used 44544K [0x0000000082400000, 0x0000000100000000)
  region size 1024K, 4 young (4096K), 4 survivors (4096K)
 Metaspace       used 83090K, committed 83648K, reserved 1179648K
  class space    used 11403K, committed 11648K, reserved 1048576K
}
Event: 8.494 GC heap before
{Heap before GC invocations=18 (full 0):
 garbage-first heap   total 95232K, used 83456K [0x0000000082400000, 0x0000000100000000)
  region size 1024K, 43 young (44032K), 4 survivors (4096K)
 Metaspace       used 84672K, committed 85248K, reserved 1179648K
  class space    used 11586K, committed 11840K, reserved 1048576K
}
Event: 8.500 GC heap after
{Heap after GC invocations=19 (full 0):
 garbage-first heap   total 114688K, used 45106K [0x0000000082400000, 0x0000000100000000)
  region size 1024K, 2 young (2048K), 2 survivors (2048K)
 Metaspace       used 84672K, committed 85248K, reserved 1179648K
  class space    used 11586K, committed 11840K, reserved 1048576K
}

